Loading default properties from tagger /Users/niloofar/Metaphor-ADP/models/farsiModels/farsiPOSModel/StanfordTagger/farsi.tagger.model.treebank
Reading POS tagger model from /Users/niloofar/Metaphor-ADP/models/farsiModels/farsiPOSModel/StanfordTagger/farsi.tagger.model.treebank ... warning: no language set, no open-class tags specified, and no closed-class tags specified; assuming ALL tags are open class tags
done [0.5 sec].
._PUNC
TEXTID_N -LRB-_N 1_N -RRB-_V ._PUNC
عقربه_N هاي_N پرشتاب_ADJ ._PUNC
TEXTID_N -LRB-_N 2_N -RRB-_V ._PUNC
تفاوت_N نگاه_N ._PUNC
TEXTID_N -LRB-_N 3_N -RRB-_V ._PUNC
موجوديت_N فيزيكي_V ._PUNC
TEXTID_N -LRB-_N 4_N -RRB-_V ._PUNC
ظرفيت_N چالشگرانه_ADJ ._PUNC
TEXTID_N -LRB-_N 5_N -RRB-_V ._PUNC
كانون_N اصلي_N ._PUNC
TEXTID_N -LRB-_N 6_N -RRB-_V ._PUNC
كانون_N اصلي_N ._PUNC
TEXTID_N -LRB-_N 7_PRENUM -RRB-_N ._PUNC
مرز_N سفيد_V ._PUNC
TEXTID_N -LRB-_N 8_N -RRB-_V ._PUNC
مرز_N زرد_ADJ ._PUNC
TEXTID_N -LRB-_N 9_N -RRB-_V ._PUNC
مرز_N قرمز_ADJ ._PUNC
TEXTID_N -LRB-_N 10_N -RRB-_V ._PUNC
در_PREP اندازه_N يك_N رئيس_N جمهور_N ._PUNC
TEXTID_N -LRB-_N 24189_N -RRB-_V ._PUNC
به_PREP سمت_N ``_N تفاهم_N ''_N سوق_N داد_V
Tagged 97 words at 822.03 words per second.
